<?xml version="1.0" encoding="UTF-8"?>
<testng-results skipped="0" failed="1" total="1" passed="0">
  <reporter-output>
  </reporter-output>
  <suite name="Suite" duration-ms="148189" started-at="2017-02-15T09:53:13Z" finished-at="2017-02-15T09:55:41Z">
    <groups>
      <group name="SIT">
        <method signature="driver_script.driverScript(java.util.Map)[pri:1, instance:Testscript.driver_script@50b5f5f6]" name="driverScript" class="Testscript.driver_script"/>
      </group> <!-- SIT -->
    </groups>
    <test name="Test" duration-ms="148189" started-at="2017-02-15T09:53:13Z" finished-at="2017-02-15T09:55:41Z">
      <class name="Testscript.driver_script">
        <test-method status="PASS" signature="launchApp(java.lang.String)[pri:0, instance:Testscript.driver_script@50b5f5f6]" name="launchApp" is-config="true" duration-ms="29379" started-at="2017-02-15T15:23:16Z" finished-at="2017-02-15T15:23:46Z">
          <params>
            <param index="0">
              <value>
                <![CDATA[ch]]>
              </value>
            </param>
          </params>
          <reporter-output>
          </reporter-output>
        </test-method> <!-- launchApp -->
        <test-method status="FAIL" signature="driverScript(java.util.Map)[pri:1, instance:Testscript.driver_script@50b5f5f6]" name="driverScript" duration-ms="112177" started-at="2017-02-15T15:23:46Z" data-provider="genericLibrary" finished-at="2017-02-15T15:25:38Z">
          <params>
            <param index="0">
              <value>
                <![CDATA[{Script=PreTrialCaseCreation, Order=1.0, SheetName=Case_Creation, Execute=Y, TC_ID=TC_01, TestDataSheetName=Case_Creation_Data}]]>
              </value>
            </param>
          </params>
          <exception class="Testscript.ElementNotFoundException">
            <message>
              <![CDATA[Record Not Created]]>
            </message>
            <full-stacktrace>
              <![CDATA[Testscript.ElementNotFoundException: Record Not Created
	at Testscript.driver_script.driverScript(driver_script.java:177)
	at sun.reflect.NativeMethodAccessorImpl.invoke0(Native Method)
	at sun.reflect.NativeMethodAccessorImpl.invoke(NativeMethodAccessorImpl.java:57)
	at sun.reflect.DelegatingMethodAccessorImpl.invoke(DelegatingMethodAccessorImpl.java:43)
	at java.lang.reflect.Method.invoke(Method.java:606)
	at org.testng.internal.MethodInvocationHelper.invokeMethod(MethodInvocationHelper.java:85)
	at org.testng.internal.Invoker.invokeMethod(Invoker.java:639)
	at org.testng.internal.Invoker.invokeTestMethod(Invoker.java:816)
	at org.testng.internal.Invoker.invokeTestMethods(Invoker.java:1124)
	at org.testng.internal.TestMethodWorker.invokeTestMethods(TestMethodWorker.java:125)
	at org.testng.internal.TestMethodWorker.run(TestMethodWorker.java:108)
	at org.testng.TestRunner.privateRun(TestRunner.java:774)
	at org.testng.TestRunner.run(TestRunner.java:624)
	at org.testng.SuiteRunner.runTest(SuiteRunner.java:359)
	at org.testng.SuiteRunner.runSequentially(SuiteRunner.java:354)
	at org.testng.SuiteRunner.privateRun(SuiteRunner.java:312)
	at org.testng.SuiteRunner.run(SuiteRunner.java:261)
	at org.testng.SuiteRunnerWorker.runSuite(SuiteRunnerWorker.java:52)
	at org.testng.SuiteRunnerWorker.run(SuiteRunnerWorker.java:86)
	at org.testng.TestNG.runSuitesSequentially(TestNG.java:1215)
	at org.testng.TestNG.runSuitesLocally(TestNG.java:1140)
	at org.testng.TestNG.run(TestNG.java:1048)
	at org.testng.remote.AbstractRemoteTestNG.run(AbstractRemoteTestNG.java:132)
	at org.testng.remote.RemoteTestNG.initAndRun(RemoteTestNG.java:236)
	at org.testng.remote.RemoteTestNG.main(RemoteTestNG.java:81)
]]>
            </full-stacktrace>
          </exception> <!-- Testscript.ElementNotFoundException -->
          <reporter-output>
          </reporter-output>
        </test-method> <!-- driverScript -->
        <test-method status="PASS" signature="cloaseApp(org.testng.ITestResult)[pri:0, instance:Testscript.driver_script@50b5f5f6]" name="cloaseApp" is-config="true" duration-ms="3163" started-at="2017-02-15T15:25:38Z" finished-at="2017-02-15T15:25:41Z">
          <params>
            <param index="0">
              <value>
                <![CDATA[[TestResult name=driverScript status=FAILURE method=driver_script.driverScript(java.util.Map)[pri:1, instance:Testscript.driver_script@50b5f5f6] output={null}]]]>
              </value>
            </param>
          </params>
          <reporter-output>
          </reporter-output>
        </test-method> <!-- cloaseApp -->
      </class> <!-- Testscript.driver_script -->
      <class name="Testscript.script_Login">
        <test-method status="PASS" signature="create_Report()[pri:0, instance:Testscript.script_Login@2296a71f]" name="create_Report" is-config="true" duration-ms="672" started-at="2017-02-15T15:23:12Z" finished-at="2017-02-15T15:23:13Z">
          <reporter-output>
          </reporter-output>
        </test-method> <!-- create_Report -->
      </class> <!-- Testscript.script_Login -->
    </test> <!-- Test -->
  </suite> <!-- Suite -->
</testng-results>
